2024-11-21 13:35:01,813 [INFO] Activator:176 - 


2024-11-21 13:35:01,820 [INFO] Activator:177 - !SESSION log4j initialized
2024-11-21 13:35:06,403 [INFO] LogOutputStream:77 - [STDOUT_REDIRECT] 
2024-11-21 13:35:09,638 [INFO] ApplicationProperties:184 - Using Application install path: C:\ST\STM32CubeIDE_1.16.0\STM32CubeIDE\plugins\com.st.stm32cube.common.mx_6.12.1.202409122256
2024-11-21 13:35:09,684 [INFO] DbMcusXml:78 - Set database path to: C:\ST\STM32CubeIDE_1.16.0\STM32CubeIDE\plugins\com.st.stm32cube.common.mx_6.12.1.202409122256\\db\/mcu/
2024-11-21 13:35:09,685 [INFO] ApiDb:274 - Set plugin database path to: C:\ST\STM32CubeIDE_1.16.0\STM32CubeIDE\plugins\com.st.stm32cube.common.mx_6.12.1.202409122256\\db\/plugins/boardmanager/
2024-11-21 13:35:09,686 [WARN] ApiDb:259 - Overriding images path with different value:  => C:\ST\STM32CubeIDE_1.16.0\STM32CubeIDE\plugins\com.st.stm32cube.common.mx_6.12.1.202409122256\\db\/plugins/mcufinder/images/
2024-11-21 13:35:09,710 [INFO] ApiDb:250 - Set database path to: C:\Users\north\.stmcufinder\plugins\mcufinder//mcu/
2024-11-21 13:35:09,713 [INFO] DbMcusAds:125 - Set database path to: C:\Users\north\.stmcufinder\plugins\mcufinder//mcu/
2024-11-21 13:35:09,719 [INFO] CrossReferenceDbSqlite:203 - Set database path to: C:\Users\north\.stmcufinder\plugins\mcufinder//mcu/cs/
2024-11-21 13:35:09,959 [INFO] RulesReader:64 - Compatibility file has been processed (297 Rules)
2024-11-21 13:35:10,145 [INFO] DbMcusXml:78 - Set database path to: C:\ST\STM32CubeIDE_1.16.0\STM32CubeIDE\plugins\com.st.stm32cube.common.mx_6.12.1.202409122256\\db\/mcu/
2024-11-21 13:35:10,146 [INFO] ApiDb:274 - Set plugin database path to: C:\ST\STM32CubeIDE_1.16.0\STM32CubeIDE\plugins\com.st.stm32cube.common.mx_6.12.1.202409122256\\db\/plugins/boardmanager/
2024-11-21 13:35:10,146 [INFO] ApiDb:261 - Set plugin images path to: C:\ST\STM32CubeIDE_1.16.0\STM32CubeIDE\plugins\com.st.stm32cube.common.mx_6.12.1.202409122256\\db\/plugins/mcufinder/images/
2024-11-21 13:35:10,146 [WARN] DbFile:41 - Overriding database path with different value: C:\Users\north\.stmcufinder\plugins\mcufinder/ => C:\Users\north\.stmcufinder\plugins\mcufinder
2024-11-21 13:35:10,146 [INFO] ApiDb:250 - Set database path to: C:\Users\north\.stmcufinder\plugins\mcufinder//mcu/
2024-11-21 13:35:10,147 [WARN] DbFile:41 - Overriding database path with different value: C:\Users\north\.stmcufinder\plugins\mcufinder/ => C:\Users\north\.stmcufinder\plugins\mcufinder
2024-11-21 13:35:10,147 [INFO] DbMcusAds:125 - Set database path to: C:\Users\north\.stmcufinder\plugins\mcufinder//mcu/
2024-11-21 13:35:10,147 [WARN] DbFile:41 - Overriding database path with different value: C:\Users\north\.stmcufinder\plugins\mcufinder/ => C:\Users\north\.stmcufinder\plugins\mcufinder
2024-11-21 13:35:10,147 [WARN] DbFile:41 - Overriding database path with different value: C:\Users\north\.stmcufinder\plugins\mcufinder/ => C:\Users\north\.stmcufinder\plugins\mcufinder
2024-11-21 13:35:10,147 [INFO] CrossReferenceDbSqlite:203 - Set database path to: C:\Users\north\.stmcufinder\plugins\mcufinder//mcu/cs/
2024-11-21 13:35:10,314 [INFO] MainPanel:268 - HeapMemory: 268435456
2024-11-21 13:35:10,643 [INFO] DbMcusXml:78 - Set database path to: C:\ST\STM32CubeIDE_1.16.0\STM32CubeIDE\plugins\com.st.stm32cube.common.mx_6.12.1.202409122256\\db\/mcu/
2024-11-21 13:35:10,643 [INFO] ApiDb:274 - Set plugin database path to: C:\ST\STM32CubeIDE_1.16.0\STM32CubeIDE\plugins\com.st.stm32cube.common.mx_6.12.1.202409122256\\db\/plugins/boardmanager/
2024-11-21 13:35:10,644 [INFO] ApiDb:261 - Set plugin images path to: C:\ST\STM32CubeIDE_1.16.0\STM32CubeIDE\plugins\com.st.stm32cube.common.mx_6.12.1.202409122256\\db\/plugins/mcufinder/images/
2024-11-21 13:35:10,644 [WARN] DbFile:41 - Overriding database path with different value: C:\Users\north\.stmcufinder\plugins\mcufinder/ => C:\Users\north\.stmcufinder\plugins\mcufinder
2024-11-21 13:35:10,644 [INFO] ApiDb:250 - Set database path to: C:\Users\north\.stmcufinder\plugins\mcufinder//mcu/
2024-11-21 13:35:10,645 [WARN] DbFile:41 - Overriding database path with different value: C:\Users\north\.stmcufinder\plugins\mcufinder/ => C:\Users\north\.stmcufinder\plugins\mcufinder
2024-11-21 13:35:10,645 [INFO] DbMcusAds:125 - Set database path to: C:\Users\north\.stmcufinder\plugins\mcufinder//mcu/
2024-11-21 13:35:10,645 [WARN] DbFile:41 - Overriding database path with different value: C:\Users\north\.stmcufinder\plugins\mcufinder/ => C:\Users\north\.stmcufinder\plugins\mcufinder
2024-11-21 13:35:10,645 [WARN] DbFile:41 - Overriding database path with different value: C:\Users\north\.stmcufinder\plugins\mcufinder/ => C:\Users\north\.stmcufinder\plugins\mcufinder
2024-11-21 13:35:10,645 [INFO] CrossReferenceDbSqlite:203 - Set database path to: C:\Users\north\.stmcufinder\plugins\mcufinder//mcu/cs/
2024-11-21 13:35:10,684 [INFO] ApplicationProperties:184 - Using Application install path: C:\ST\STM32CubeIDE_1.16.0\STM32CubeIDE\plugins\com.st.stm32cube.common.mx_6.12.1.202409122256
2024-11-21 13:35:10,687 [INFO] PluginManage:196 - Search for loadable plugins [exclusion list=, ]
2024-11-21 13:35:10,690 [INFO] PluginManage:310 - Check plugin analytics
2024-11-21 13:35:11,087 [INFO] AnalyticsPlugin:253 - Accepted Software Licenses: 
2024-11-21 13:35:11,088 [INFO] AnalyticsPlugin:255 - Accepted CMSIS Pack Licenses: 
2024-11-21 13:35:11,088 [INFO] AnalyticsPlugin:257 - Accepted Firmware Licenses: FW.L4.1.18.0,FW.F4.1.28.0
2024-11-21 13:35:11,094 [INFO] PluginManage:359 - Loaded plugin analytics (category:tool,tabindex:-1)
2024-11-21 13:35:11,095 [INFO] PluginManage:310 - Check plugin cadmodel
2024-11-21 13:35:11,128 [INFO] CADModel:105 - Init CAD model plugin
2024-11-21 13:35:11,129 [INFO] PluginManage:359 - Loaded plugin cadmodel (category:power,tabindex:5)
2024-11-21 13:35:11,130 [INFO] PluginManage:310 - Check plugin clock
2024-11-21 13:35:11,163 [INFO] PluginManage:359 - Loaded plugin clock (category:base,tabindex:2)
2024-11-21 13:35:11,163 [INFO] PluginManage:310 - Check plugin ddr
2024-11-21 13:35:11,167 [INFO] PluginManage:359 - Loaded plugin ddr (category:tool,tabindex:6)
2024-11-21 13:35:11,167 [INFO] PluginManage:310 - Check plugin filemanager
2024-11-21 13:35:11,423 [INFO] PluginManage:359 - Loaded plugin filemanager (category:base,tabindex:10)
2024-11-21 13:35:11,424 [INFO] PluginManage:310 - Check plugin ipmanager
2024-11-21 13:35:11,434 [INFO] PluginManage:359 - Loaded plugin ipmanager (category:base,tabindex:5)
2024-11-21 13:35:11,435 [INFO] PluginManage:310 - Check plugin lpbam
2024-11-21 13:35:11,494 [INFO] PluginManage:359 - Loaded plugin lpbam (category:base,tabindex:0)
2024-11-21 13:35:11,495 [INFO] PluginManage:310 - Check plugin memorymap
2024-11-21 13:35:11,565 [INFO] PluginManage:359 - Loaded plugin memorymap (category:base,tabindex:4)
2024-11-21 13:35:11,565 [INFO] PluginManage:310 - Check plugin pinoutandconfiguration
2024-11-21 13:35:11,595 [INFO] PluginManage:359 - Loaded plugin pinoutandconfiguration (category:base,tabindex:1)
2024-11-21 13:35:11,595 [INFO] PluginManage:310 - Check plugin pinoutconfig
2024-11-21 13:35:11,772 [WARN] SupportedApi:132 - Cannot load RTOS API schema: s4s-elt-must-match.1: The content of 'definitions' must match (annotation?, (simpleType | complexType)?, (unique | key | keyref)*)). A problem was found starting at: attribute.
2024-11-21 13:35:11,974 [INFO] PluginManage:359 - Loaded plugin pinoutconfig (category:base,tabindex:0)
2024-11-21 13:35:11,974 [INFO] PluginManage:310 - Check plugin power
2024-11-21 13:35:12,008 [INFO] PluginManage:359 - Loaded plugin power (category:power,tabindex:4)
2024-11-21 13:35:12,008 [INFO] PluginManage:310 - Check plugin projectmanager
2024-11-21 13:35:12,028 [INFO] PluginManage:359 - Loaded plugin projectmanager (category:projectmanager,tabindex:4)
2024-11-21 13:35:12,028 [INFO] PluginManage:310 - Check plugin rif
2024-11-21 13:35:12,053 [INFO] PluginManage:359 - Loaded plugin rif (category:base,tabindex:3)
2024-11-21 13:35:12,054 [INFO] PluginManage:310 - Check plugin thirdparty
2024-11-21 13:35:12,518 [INFO] PluginManage:359 - Loaded plugin thirdparty (category:base,tabindex:-1)
2024-11-21 13:35:12,519 [INFO] PluginManage:310 - Check plugin tools
2024-11-21 13:35:12,519 [WARN] IntegrityCheckThread:84 - waiting for thirdparty lock release [integrity check]
2024-11-21 13:35:12,520 [INFO] IntegrityCheckThread:86 - entering critical section [integrity check]
2024-11-21 13:35:12,520 [INFO] ThirdPartyUpdaterWithRetryManager:70 - Updater plugin not ready yet. [1/15]
2024-11-21 13:35:12,568 [INFO] PluginManage:359 - Loaded plugin tools (category:base,tabindex:7)
2024-11-21 13:35:12,568 [INFO] PluginManage:310 - Check plugin tutovideos
2024-11-21 13:35:12,876 [INFO] PluginManage:359 - Loaded plugin tutovideos (category:base,tabindex:-1)
2024-11-21 13:35:12,876 [INFO] PluginManage:310 - Check plugin updater
2024-11-21 13:35:12,905 [INFO] PluginManage:359 - Loaded plugin updater (category:base,tabindex:12)
2024-11-21 13:35:12,905 [INFO] PluginManage:310 - Check plugin userauth
2024-11-21 13:35:12,915 [INFO] UserAuth:113 - Init User Auth plugin
2024-11-21 13:35:12,915 [INFO] PluginManage:359 - Loaded plugin userauth (category:base,tabindex:14)
2024-11-21 13:35:12,915 [INFO] PluginManage:283 - PluginManage : Loaded plugins [18]
2024-11-21 13:35:13,238 [INFO] PinOutPanel:1561 - setPackage(No Configuration,No Configuration)
2024-11-21 13:35:13,408 [INFO] CADModel:165 - CPN selected for project level
2024-11-21 13:35:13,408 [INFO] CADModel:114 - Register for checkConnection events
2024-11-21 13:35:13,469 [INFO] IPUIPlugin:80 - create IPUIPlugin
2024-11-21 13:35:13,470 [INFO] PluginManager:220 - loadIPPluginJar : add adc
2024-11-21 13:35:13,523 [INFO] IPUIPlugin:80 - create IPUIPlugin
2024-11-21 13:35:13,523 [INFO] PluginManager:220 - loadIPPluginJar : add aes
2024-11-21 13:35:13,574 [INFO] IPUIPlugin:80 - create IPUIPlugin
2024-11-21 13:35:13,574 [INFO] PluginManager:220 - loadIPPluginJar : add can
2024-11-21 13:35:13,610 [INFO] IPUIPlugin:80 - create IPUIPlugin
2024-11-21 13:35:13,611 [INFO] PluginManager:220 - loadIPPluginJar : add comp
2024-11-21 13:35:13,658 [INFO] IPUIPlugin:80 - create IPUIPlugin
2024-11-21 13:35:13,658 [INFO] PluginManager:220 - loadIPPluginJar : add cryp
2024-11-21 13:35:13,679 [INFO] IPUIPlugin:80 - create IPUIPlugin
2024-11-21 13:35:13,679 [INFO] PluginManager:220 - loadIPPluginJar : add ddr_ctrl_phy
2024-11-21 13:35:13,721 [INFO] IPUIPlugin:80 - create IPUIPlugin
2024-11-21 13:35:13,721 [INFO] PluginManager:220 - loadIPPluginJar : add dfsdm
2024-11-21 13:35:13,737 [INFO] IPUIPlugin:80 - create IPUIPlugin
2024-11-21 13:35:13,737 [INFO] PluginManager:220 - loadIPPluginJar : add dma
2024-11-21 13:35:13,788 [INFO] IPUIPlugin:80 - create IPUIPlugin
2024-11-21 13:35:13,789 [INFO] PluginManager:220 - loadIPPluginJar : add dma3
2024-11-21 13:35:13,846 [INFO] IPUIPlugin:80 - create IPUIPlugin
2024-11-21 13:35:13,846 [INFO] PluginManager:220 - loadIPPluginJar : add extmemmanager
2024-11-21 13:35:13,871 [INFO] IPUIPlugin:80 - create IPUIPlugin
2024-11-21 13:35:13,872 [INFO] PluginManager:220 - loadIPPluginJar : add fatfs
2024-11-21 13:35:13,934 [INFO] IPUIPlugin:80 - create IPUIPlugin
2024-11-21 13:35:13,934 [INFO] PluginManager:220 - loadIPPluginJar : add fmc
2024-11-21 13:35:13,957 [INFO] IPUIPlugin:80 - create IPUIPlugin
2024-11-21 13:35:13,958 [INFO] PluginManager:220 - loadIPPluginJar : add freertos
2024-11-21 13:35:13,983 [INFO] IPUIPlugin:80 - create IPUIPlugin
2024-11-21 13:35:13,984 [INFO] PluginManager:220 - loadIPPluginJar : add genericplugin
2024-11-21 13:35:14,110 [INFO] IPUIPlugin:80 - create IPUIPlugin
2024-11-21 13:35:14,110 [INFO] PluginManager:220 - loadIPPluginJar : add gfxmmu
2024-11-21 13:35:14,295 [INFO] IPUIPlugin:80 - create IPUIPlugin
2024-11-21 13:35:14,295 [INFO] PluginManager:220 - loadIPPluginJar : add gic
2024-11-21 13:35:14,317 [INFO] IPUIPlugin:80 - create IPUIPlugin
2024-11-21 13:35:14,317 [INFO] PluginManager:220 - loadIPPluginJar : add gpio
2024-11-21 13:35:14,438 [INFO] IPUIPlugin:80 - create IPUIPlugin
2024-11-21 13:35:14,438 [INFO] PluginManager:220 - loadIPPluginJar : add gtzc
2024-11-21 13:35:14,484 [INFO] IPUIPlugin:80 - create IPUIPlugin
2024-11-21 13:35:14,484 [INFO] PluginManager:220 - loadIPPluginJar : add hash
2024-11-21 13:35:14,554 [INFO] IPUIPlugin:80 - create IPUIPlugin
2024-11-21 13:35:14,554 [INFO] PluginManager:220 - loadIPPluginJar : add i2c
2024-11-21 13:35:14,609 [INFO] IPUIPlugin:80 - create IPUIPlugin
2024-11-21 13:35:14,610 [INFO] PluginManager:220 - loadIPPluginJar : add i2s
2024-11-21 13:35:14,671 [INFO] IPUIPlugin:80 - create IPUIPlugin
2024-11-21 13:35:14,672 [INFO] PluginManager:220 - loadIPPluginJar : add i3c
2024-11-21 13:35:14,804 [INFO] IPUIPlugin:80 - create IPUIPlugin
2024-11-21 13:35:14,804 [INFO] PluginManager:220 - loadIPPluginJar : add ipddr
2024-11-21 13:35:14,931 [INFO] IPUIPlugin:80 - create IPUIPlugin
2024-11-21 13:35:14,931 [INFO] PluginManager:220 - loadIPPluginJar : add linkedlist
2024-11-21 13:35:14,980 [INFO] IPUIPlugin:80 - create IPUIPlugin
2024-11-21 13:35:14,980 [INFO] PluginManager:220 - loadIPPluginJar : add lorawan
2024-11-21 13:35:15,029 [INFO] IPUIPlugin:80 - create IPUIPlugin
2024-11-21 13:35:15,029 [INFO] PluginManager:220 - loadIPPluginJar : add ltdc
2024-11-21 13:35:15,049 [INFO] IPUIPlugin:80 - create IPUIPlugin
2024-11-21 13:35:15,050 [INFO] PluginManager:220 - loadIPPluginJar : add mdma
2024-11-21 13:35:15,066 [INFO] IPUIPlugin:80 - create IPUIPlugin
2024-11-21 13:35:15,066 [INFO] PluginManager:220 - loadIPPluginJar : add nvic
2024-11-21 13:35:15,116 [INFO] IPUIPlugin:80 - create IPUIPlugin
2024-11-21 13:35:15,116 [INFO] PluginManager:220 - loadIPPluginJar : add opamp
2024-11-21 13:35:15,200 [INFO] IPUIPlugin:80 - create IPUIPlugin
2024-11-21 13:35:15,200 [INFO] PluginManager:220 - loadIPPluginJar : add openamp
2024-11-21 13:35:15,259 [INFO] IPUIPlugin:80 - create IPUIPlugin
2024-11-21 13:35:15,259 [INFO] PluginManager:220 - loadIPPluginJar : add pdm2pcm
2024-11-21 13:35:15,278 [INFO] IPUIPlugin:80 - create IPUIPlugin
2024-11-21 13:35:15,281 [INFO] PluginManager:220 - loadIPPluginJar : add plateformsettings
2024-11-21 13:35:15,312 [INFO] IPUIPlugin:80 - create IPUIPlugin
2024-11-21 13:35:15,312 [INFO] PluginManager:220 - loadIPPluginJar : add quadspi
2024-11-21 13:35:15,346 [INFO] IPUIPlugin:80 - create IPUIPlugin
2024-11-21 13:35:15,349 [INFO] PluginManager:220 - loadIPPluginJar : add radio
2024-11-21 13:35:15,367 [INFO] IPUIPlugin:80 - create IPUIPlugin
2024-11-21 13:35:15,367 [INFO] PluginManager:220 - loadIPPluginJar : add resmgrutility
2024-11-21 13:35:15,432 [INFO] IPUIPlugin:80 - create IPUIPlugin
2024-11-21 13:35:15,433 [INFO] PluginManager:220 - loadIPPluginJar : add sai
2024-11-21 13:35:15,484 [INFO] IPUIPlugin:80 - create IPUIPlugin
2024-11-21 13:35:15,484 [INFO] PluginManager:220 - loadIPPluginJar : add spi
2024-11-21 13:35:15,522 [INFO] ThirdPartyUpdaterWithRetryManager:70 - Updater plugin not ready yet. [2/15]
2024-11-21 13:35:15,582 [INFO] IPUIPlugin:80 - create IPUIPlugin
2024-11-21 13:35:15,582 [INFO] PluginManager:220 - loadIPPluginJar : add stm32_wpan
2024-11-21 13:35:15,620 [INFO] IPUIPlugin:80 - create IPUIPlugin
2024-11-21 13:35:15,620 [INFO] PluginManager:220 - loadIPPluginJar : add tim
2024-11-21 13:35:15,702 [INFO] IPUIPlugin:80 - create IPUIPlugin
2024-11-21 13:35:15,702 [INFO] PluginManager:220 - loadIPPluginJar : add touchsensing
2024-11-21 13:35:15,736 [INFO] IPUIPlugin:80 - create IPUIPlugin
2024-11-21 13:35:15,736 [INFO] PluginManager:220 - loadIPPluginJar : add tracer_emb
2024-11-21 13:35:15,771 [INFO] IPUIPlugin:80 - create IPUIPlugin
2024-11-21 13:35:15,771 [INFO] PluginManager:220 - loadIPPluginJar : add ts
2024-11-21 13:35:15,800 [INFO] IPUIPlugin:80 - create IPUIPlugin
2024-11-21 13:35:15,801 [INFO] PluginManager:220 - loadIPPluginJar : add tsc
2024-11-21 13:35:15,829 [INFO] IPUIPlugin:80 - create IPUIPlugin
2024-11-21 13:35:15,829 [INFO] PluginManager:220 - loadIPPluginJar : add ucpd
2024-11-21 13:35:15,886 [INFO] IPUIPlugin:80 - create IPUIPlugin
2024-11-21 13:35:15,886 [INFO] PluginManager:220 - loadIPPluginJar : add usart
2024-11-21 13:35:15,933 [INFO] IPUIPlugin:80 - create IPUIPlugin
2024-11-21 13:35:15,934 [INFO] PluginManager:220 - loadIPPluginJar : add usbx
2024-11-21 13:35:16,066 [INFO] CADModel:165 - CPN selected for project level
2024-11-21 13:35:16,066 [INFO] CADModel:114 - Register for checkConnection events
2024-11-21 13:35:16,066 [FATAL] Updater:334 - Updater called before beeing initialized
2024-11-21 13:35:16,066 [ERROR] CADModel:125 - Updater not yet initialized, retry later 
2024-11-21 13:35:16,246 [INFO] CADModel:165 - CPN selected for project level
2024-11-21 13:35:16,246 [INFO] CADModel:114 - Register for checkConnection events
2024-11-21 13:35:16,247 [FATAL] Updater:334 - Updater called before beeing initialized
2024-11-21 13:35:16,247 [ERROR] CADModel:125 - Updater not yet initialized, retry later 
2024-11-21 13:35:16,252 [FATAL] Updater:334 - Updater called before beeing initialized
2024-11-21 13:35:16,385 [FATAL] Updater:334 - Updater called before beeing initialized
2024-11-21 13:35:16,397 [INFO] DbMcusAds:53 - JSON generation date=Fri Sep 20 09:04:38 EDT 2024 (1726837478367)
2024-11-21 13:35:16,397 [FATAL] Updater:334 - Updater called before beeing initialized
2024-11-21 13:35:16,446 [WARN] DetailPanel:346 - Failed to get advertising image, set to default
2024-11-21 13:35:16,531 [FATAL] Updater:334 - Updater called before beeing initialized
2024-11-21 13:35:16,532 [FATAL] Updater:334 - Updater called before beeing initialized
2024-11-21 13:35:16,532 [FATAL] Updater:334 - Updater called before beeing initialized
2024-11-21 13:35:16,533 [WARN] DetailPanel:346 - Failed to get advertising image, set to default
2024-11-21 13:35:16,533 [FATAL] Updater:334 - Updater called before beeing initialized
2024-11-21 13:35:16,614 [ERROR] Updater:1164 - MainUpdater not yet initialized. External WinMGr cannot be set.
2024-11-21 13:35:16,631 [INFO] Updater:1100 - Updater Version found : 6.12.1
2024-11-21 13:35:16,665 [INFO] ApplicationProperties:184 - Using Application install path: C:\ST\STM32CubeIDE_1.16.0\STM32CubeIDE\plugins\com.st.stm32cube.common.mx_6.12.1.202409122256
2024-11-21 13:35:18,260 [ERROR] LogOutputStream:75 - [STDERR_REDIRECT] Nov 21, 2024 1:35:18 PM java.util.prefs.WindowsPreferences <init>
2024-11-21 13:35:18,261 [ERROR] LogOutputStream:75 - [STDERR_REDIRECT] WARNING: Could not open/create prefs root node Software\JavaSoft\Prefs at root 0xffffffff80000002. Windows RegCreateKeyEx(...) returned error code 5.
2024-11-21 13:35:18,261 [ERROR] LogOutputStream:75 - [STDERR_REDIRECT] 
2024-11-21 13:35:18,522 [INFO] ThirdPartyUpdaterWithRetryManager:70 - Updater plugin not ready yet. [3/15]
2024-11-21 13:35:19,145 [INFO] MainUpdater:2873 - connection check result : 10
2024-11-21 13:35:19,146 [INFO] MainUpdater:290 - Updater Check For Update Now.
2024-11-21 13:35:19,146 [INFO] MicroXplorer:498 - Change Database Version : DB.6.0.121
2024-11-21 13:35:19,168 [INFO] McuFinderGlobals:63 - Set McuFinder mode to 2 (CubeIDE integrated)
2024-11-21 13:35:19,180 [INFO] UserAuth:417 - Internet connection configuration mode: 1
2024-11-21 13:35:19,230 [INFO] JxBrowserEngine:152 - Initiate JxBrowser Engine with user profile folder
2024-11-21 13:35:19,463 [INFO] CheckServerUpdateThread:120 - End of CheckServer Thread
2024-11-21 13:35:21,886 [WARN] PackLoader:240 - Cannot read IP mode file for STMicroelectronics.FP-SNS-MOTENVWB1.1.4.0
2024-11-21 13:35:21,913 [WARN] PackLoader:240 - Cannot read IP mode file for STMicroelectronics.FP-ATR-ASTRA1.2.0.1
2024-11-21 13:35:21,945 [WARN] PackLoader:240 - Cannot read IP mode file for STMicroelectronics.X-CUBE-SMBUS.2.1.0
2024-11-21 13:35:21,967 [WARN] PackLoader:240 - Cannot read IP mode file for STMicroelectronics.X-CUBE-WB05N.1.1.0
2024-11-21 13:35:22,028 [WARN] PackLoader:240 - Cannot read IP mode file for STMicroelectronics.X-CUBE-AZRTOS-F7.1.1.0
2024-11-21 13:35:22,145 [WARN] PackLoader:240 - Cannot read IP mode file for STMicroelectronics.X-CUBE-MEMS1.11.0.0
2024-11-21 13:35:22,381 [WARN] PackLoader:240 - Cannot read IP mode file for STMicroelectronics.FP-SNS-FLIGHT1.5.0.2
2024-11-21 13:35:22,410 [WARN] PackLoader:240 - Cannot read IP mode file for STMicroelectronics.X-CUBE-DISPLAY.3.0.0
2024-11-21 13:35:22,440 [WARN] PackLoader:240 - Cannot read IP mode file for STMicroelectronics.X-CUBE-BLE1.7.0.0
2024-11-21 13:35:22,465 [WARN] PackLoader:240 - Cannot read IP mode file for STMicroelectronics.X-CUBE-NFC10.1.0.0
2024-11-21 13:35:22,492 [WARN] PackLoader:240 - Cannot read IP mode file for emotas.I-CUBE-CANOPEN.1.3.0
2024-11-21 13:35:22,521 [WARN] PackLoader:240 - Cannot read IP mode file for STMicroelectronics.X-CUBE-BLEMGR.3.1.0
2024-11-21 13:35:22,551 [WARN] PackLoader:240 - Cannot read IP mode file for STMicroelectronics.FP-SNS-SMARTAG2.1.2.0
2024-11-21 13:35:22,584 [INFO] LogOutputStream:77 - [STDOUT_REDIRECT] 1 : Invalid condition id : UX_CORESTACK_Condition cause : null
2024-11-21 13:35:22,585 [INFO] LogOutputStream:77 - [STDOUT_REDIRECT] 1 : Invalid condition id : UX_CORESTACK_Condition cause : null
2024-11-21 13:35:22,586 [INFO] LogOutputStream:77 - [STDOUT_REDIRECT] 1 : Invalid condition id : UX_CORESTACK_Condition cause : null
2024-11-21 13:35:22,588 [INFO] LogOutputStream:77 - [STDOUT_REDIRECT] 1 : Invalid condition id : UX_CORESTACK_Condition cause : null
2024-11-21 13:35:22,590 [INFO] LogOutputStream:77 - [STDOUT_REDIRECT] 1 : Invalid condition id : UX_CORESTACK_Condition cause : null
2024-11-21 13:35:22,595 [WARN] PackLoader:240 - Cannot read IP mode file for STMicroelectronics.X-CUBE-AZRTOS-WL.2.0.0
2024-11-21 13:35:22,618 [WARN] PackLoader:240 - Cannot read IP mode file for STMicroelectronics.FP-SNS-MOTENV1.5.0.0
2024-11-21 13:35:22,637 [WARN] PackLoader:240 - Cannot read IP mode file for wolfSSL.I-CUBE-wolfMQTT.1.19.0
2024-11-21 13:35:22,662 [WARN] PackLoader:240 - Cannot read IP mode file for WES.I-CUBE-Cesium.1.3.0
2024-11-21 13:35:22,686 [WARN] PackLoader:240 - Cannot read IP mode file for STMicroelectronics.X-CUBE-BLE2.3.3.0
2024-11-21 13:35:22,712 [WARN] PackLoader:240 - Cannot read IP mode file for STMicroelectronics.X-CUBE-NFC9.1.0.0
2024-11-21 13:35:22,731 [WARN] PackLoader:240 - Cannot read IP mode file for STMicroelectronics.X-CUBE-TCPP.4.1.0
2024-11-21 13:35:22,775 [WARN] PackLoader:240 - Cannot read IP mode file for STMicroelectronics.X-CUBE-AZRTOS-G0.1.1.0
2024-11-21 13:35:22,809 [WARN] PackLoader:240 - Cannot read IP mode file for STMicroelectronics.X-CUBE-SAFEA1.1.2.2
2024-11-21 13:35:22,832 [WARN] PackLoader:240 - Cannot read IP mode file for STMicroelectronics.X-CUBE-NFC4.3.0.0
2024-11-21 13:35:22,863 [WARN] PackLoader:240 - Cannot read IP mode file for EmbeddedOffice.I-CUBE-FS-RTOS.1.0.1
2024-11-21 13:35:22,863 [ERROR] ConditionMgr:805 - Attr not supported : Dmpu
2024-11-21 13:35:22,864 [ERROR] ConditionMgr:805 - Attr not supported : Dmpu
2024-11-21 13:35:22,864 [ERROR] ConditionMgr:805 - Attr not supported : Dmpu
2024-11-21 13:35:22,864 [ERROR] ConditionMgr:805 - Attr not supported : Dmpu
2024-11-21 13:35:22,864 [ERROR] ConditionMgr:805 - Attr not supported : Dmpu
2024-11-21 13:35:22,864 [ERROR] ConditionMgr:805 - Attr not supported : Dmpu
2024-11-21 13:35:22,864 [ERROR] ConditionMgr:805 - Attr not supported : Dmpu
2024-11-21 13:35:22,864 [ERROR] ConditionMgr:805 - Attr not supported : Dmpu
2024-11-21 13:35:22,864 [ERROR] ConditionMgr:805 - Attr not supported : Dmpu
2024-11-21 13:35:22,864 [ERROR] ConditionMgr:805 - Attr not supported : Dmpu
2024-11-21 13:35:22,864 [ERROR] ConditionMgr:805 - Attr not supported : Dmpu
2024-11-21 13:35:22,865 [ERROR] ConditionMgr:805 - Attr not supported : Dmpu
2024-11-21 13:35:22,865 [ERROR] ConditionMgr:805 - Attr not supported : Dmpu
2024-11-21 13:35:22,865 [ERROR] ConditionMgr:805 - Attr not supported : Dmpu
2024-11-21 13:35:22,865 [ERROR] ConditionMgr:805 - Attr not supported : Dmpu
2024-11-21 13:35:22,865 [ERROR] ConditionMgr:805 - Attr not supported : Dmpu
2024-11-21 13:35:22,865 [ERROR] ConditionMgr:805 - Attr not supported : Dmpu
2024-11-21 13:35:22,865 [ERROR] ConditionMgr:805 - Attr not supported : Dmpu
2024-11-21 13:35:22,865 [ERROR] ConditionMgr:805 - Attr not supported : Dmpu
2024-11-21 13:35:22,866 [ERROR] ConditionMgr:805 - Attr not supported : Dmpu
2024-11-21 13:35:22,866 [ERROR] ConditionMgr:805 - Attr not supported : Dmpu
2024-11-21 13:35:22,866 [ERROR] ConditionMgr:805 - Attr not supported : Dmpu
2024-11-21 13:35:22,866 [ERROR] ConditionMgr:805 - Attr not supported : Dmpu
2024-11-21 13:35:22,866 [ERROR] ConditionMgr:805 - Attr not supported : Dmpu
2024-11-21 13:35:22,866 [ERROR] ConditionMgr:805 - Attr not supported : Dmpu
2024-11-21 13:35:22,866 [ERROR] ConditionMgr:805 - Attr not supported : Dmpu
2024-11-21 13:35:22,867 [ERROR] ConditionMgr:805 - Attr not supported : Dmpu
2024-11-21 13:35:22,867 [ERROR] ConditionMgr:805 - Attr not supported : Dmpu
2024-11-21 13:35:22,867 [ERROR] ConditionMgr:805 - Attr not supported : Dmpu
2024-11-21 13:35:22,867 [ERROR] ConditionMgr:805 - Attr not supported : Dmpu
2024-11-21 13:35:22,867 [ERROR] ConditionMgr:805 - Attr not supported : Dmpu
2024-11-21 13:35:22,867 [ERROR] ConditionMgr:805 - Attr not supported : Dmpu
2024-11-21 13:35:22,867 [ERROR] ConditionMgr:805 - Attr not supported : Dmpu
2024-11-21 13:35:22,867 [ERROR] ConditionMgr:805 - Attr not supported : Dmpu
2024-11-21 13:35:22,867 [ERROR] ConditionMgr:805 - Attr not supported : Dmpu
2024-11-21 13:35:22,867 [ERROR] ConditionMgr:805 - Attr not supported : Dmpu
2024-11-21 13:35:22,868 [ERROR] ConditionMgr:805 - Attr not supported : Dmpu
2024-11-21 13:35:22,868 [ERROR] ConditionMgr:805 - Attr not supported : Dmpu
2024-11-21 13:35:22,868 [ERROR] ConditionMgr:805 - Attr not supported : Dmpu
2024-11-21 13:35:22,868 [ERROR] ConditionMgr:805 - Attr not supported : Dmpu
2024-11-21 13:35:22,868 [ERROR] ConditionMgr:805 - Attr not supported : Dmpu
2024-11-21 13:35:22,868 [ERROR] ConditionMgr:805 - Attr not supported : Dmpu
2024-11-21 13:35:22,868 [ERROR] ConditionMgr:805 - Attr not supported : Dmpu
2024-11-21 13:35:22,868 [ERROR] ConditionMgr:805 - Attr not supported : Dmpu
2024-11-21 13:35:22,868 [ERROR] ConditionMgr:805 - Attr not supported : Dmpu
2024-11-21 13:35:22,869 [ERROR] ConditionMgr:805 - Attr not supported : Dmpu
2024-11-21 13:35:22,869 [ERROR] ConditionMgr:805 - Attr not supported : Dmpu
2024-11-21 13:35:22,869 [ERROR] ConditionMgr:805 - Attr not supported : Dmpu
2024-11-21 13:35:22,869 [ERROR] ConditionMgr:805 - Attr not supported : Dmpu
2024-11-21 13:35:22,869 [ERROR] ConditionMgr:805 - Attr not supported : Dmpu
2024-11-21 13:35:22,869 [ERROR] ConditionMgr:805 - Attr not supported : Dmpu
2024-11-21 13:35:22,869 [ERROR] ConditionMgr:805 - Attr not supported : Dmpu
2024-11-21 13:35:22,869 [ERROR] ConditionMgr:805 - Attr not supported : Dmpu
2024-11-21 13:35:22,869 [ERROR] ConditionMgr:805 - Attr not supported : Dmpu
2024-11-21 13:35:22,869 [ERROR] ConditionMgr:805 - Attr not supported : Dmpu
2024-11-21 13:35:22,869 [ERROR] ConditionMgr:805 - Attr not supported : Dmpu
2024-11-21 13:35:22,869 [ERROR] ConditionMgr:805 - Attr not supported : Dmpu
2024-11-21 13:35:22,870 [ERROR] ConditionMgr:805 - Attr not supported : Dmpu
2024-11-21 13:35:22,870 [ERROR] ConditionMgr:805 - Attr not supported : Dmpu
2024-11-21 13:35:22,870 [ERROR] ConditionMgr:805 - Attr not supported : Dmpu
2024-11-21 13:35:22,870 [ERROR] ConditionMgr:805 - Attr not supported : Dmpu
2024-11-21 13:35:22,870 [ERROR] ConditionMgr:805 - Attr not supported : Dmpu
2024-11-21 13:35:22,870 [ERROR] ConditionMgr:805 - Attr not supported : Dmpu
2024-11-21 13:35:22,870 [ERROR] ConditionMgr:805 - Attr not supported : Dmpu
2024-11-21 13:35:22,887 [WARN] PackLoader:240 - Cannot read IP mode file for RealThread.X-CUBE-RT-Thread_Nano.4.1.1
2024-11-21 13:35:22,906 [WARN] PackLoader:240 - Cannot read IP mode file for STMicroelectronics.FP-ATR-SIGFOX1.3.2.0
2024-11-21 13:35:22,925 [WARN] PackLoader:240 - Cannot read IP mode file for wolfSSL.I-CUBE-wolfSSL.5.7.2
2024-11-21 13:35:22,942 [WARN] ConditionMgr:438 - getConditionDescription Invalid condition id : Cortex-A Device cause : null
2024-11-21 13:35:22,975 [WARN] ConditionMgr:1039 - genDependencies : Invalid condition id : Cortex-A Device cause : null
2024-11-21 13:35:22,975 [WARN] ConditionMgr:1039 - genDependencies : Invalid condition id : Cortex-A Device cause : null
2024-11-21 13:35:22,975 [WARN] ConditionMgr:1039 - genDependencies : Invalid condition id : Cortex-A Device cause : null
2024-11-21 13:35:22,996 [WARN] PackLoader:240 - Cannot read IP mode file for STMicroelectronics.X-CUBE-EEPRMA1.5.1.0
2024-11-21 13:35:23,020 [WARN] PackLoader:240 - Cannot read IP mode file for ITTIA_DB.I-CUBE-ITTIADB.8.9.0
2024-11-21 13:35:23,061 [WARN] PackLoader:240 - Cannot read IP mode file for SEGGER.I-CUBE-embOS.1.3.1
2024-11-21 13:35:23,127 [WARN] PackLoader:240 - Cannot read IP mode file for STMicroelectronics.X-CUBE-ALGOBUILD.1.4.0
2024-11-21 13:35:23,150 [WARN] PackLoader:240 - Cannot read IP mode file for STMicroelectronics.X-CUBE-AI.9.1.0
2024-11-21 13:35:23,172 [WARN] PackLoader:240 - Cannot read IP mode file for STMicroelectronics.X-CUBE-GNSS1.6.0.0
2024-11-21 13:35:23,205 [WARN] PackLoader:240 - Cannot read IP mode file for STMicroelectronics.X-CUBE-AZRTOS-F4.1.1.0
2024-11-21 13:35:23,223 [WARN] PackLoader:240 - Cannot read IP mode file for STMicroelectronics.X-CUBE-ISPU.2.1.0
2024-11-21 13:35:23,239 [WARN] PackLoader:240 - Cannot read IP mode file for STMicroelectronics.X-CUBE-FREERTOS.1.2.0
2024-11-21 13:35:23,278 [WARN] PackLoader:240 - Cannot read IP mode file for STMicroelectronics.X-CUBE-AZRTOS-L5.2.0.0
2024-11-21 13:35:23,302 [WARN] PackLoader:240 - Cannot read IP mode file for STMicroelectronics.X-CUBE-NFC6.3.1.0
2024-11-21 13:35:23,320 [WARN] PackLoader:240 - Cannot read IP mode file for STMicroelectronics.X-CUBE-DPower.1.2.0
2024-11-21 13:35:23,337 [WARN] PackLoader:240 - Cannot read IP mode file for STMicroelectronics.X-CUBE-AI.9.0.0
2024-11-21 13:35:23,353 [WARN] PackLoader:240 - Cannot read IP mode file for STMicroelectronics.X-CUBE-NFC7.1.0.1
2024-11-21 13:35:23,394 [WARN] ConditionMgr:438 - getConditionDescription Invalid condition id : LAN8742 Phy interface Condition cause : null
2024-11-21 13:35:23,394 [WARN] PackLoader:240 - Cannot read IP mode file for STMicroelectronics.X-CUBE-AZRTOS-L4.2.0.0
2024-11-21 13:35:23,396 [WARN] ConditionMgr:1039 - genDependencies : Invalid condition id : LAN8742 Phy interface Condition cause : null
2024-11-21 13:35:23,396 [WARN] ConditionMgr:1039 - genDependencies : Invalid condition id : LAN8742 Phy interface Condition cause : null
2024-11-21 13:35:23,397 [WARN] ConditionMgr:1039 - genDependencies : Invalid condition id : LAN8742 Phy interface Condition cause : null
2024-11-21 13:35:23,419 [WARN] PackLoader:240 - Cannot read IP mode file for STMicroelectronics.X-CUBE-SFXS2LP1.4.0.0
2024-11-21 13:35:23,457 [WARN] PackLoader:240 - Cannot read IP mode file for STMicroelectronics.X-CUBE-AZRTOS-H7.3.3.0
2024-11-21 13:35:23,486 [WARN] PackLoader:240 - Cannot read IP mode file for STMicroelectronics.X-CUBE-IPS.3.0.0
2024-11-21 13:35:23,520 [WARN] ConditionMgr:438 - getConditionDescription Invalid condition id : UX DEVICE CLASS RTOS Condition cause : null
2024-11-21 13:35:23,521 [WARN] ConditionMgr:438 - getConditionDescription Invalid condition id : UX DEVICE CLASS RTOS Condition cause : null
2024-11-21 13:35:23,523 [WARN] PackLoader:240 - Cannot read IP mode file for STMicroelectronics.X-CUBE-AZRTOS-WB.2.0.0
2024-11-21 13:35:23,524 [WARN] ConditionMgr:1039 - genDependencies : Invalid condition id : UX DEVICE CLASS RTOS Condition cause : null
2024-11-21 13:35:23,524 [WARN] ConditionMgr:1039 - genDependencies : Invalid condition id : UX DEVICE CLASS RTOS Condition cause : null
2024-11-21 13:35:23,525 [WARN] ConditionMgr:1039 - genDependencies : Invalid condition id : UX DEVICE CLASS RTOS Condition cause : null
2024-11-21 13:35:23,525 [WARN] ConditionMgr:1039 - genDependencies : Invalid condition id : UX DEVICE CLASS RTOS Condition cause : null
2024-11-21 13:35:23,525 [WARN] ConditionMgr:1039 - genDependencies : Invalid condition id : UX DEVICE CLASS RTOS Condition cause : null
2024-11-21 13:35:23,544 [WARN] PackLoader:240 - Cannot read IP mode file for STMicroelectronics.X-CUBE-GNSS1.7.0.0
2024-11-21 13:35:23,563 [WARN] PackLoader:240 - Cannot read IP mode file for STMicroelectronics.FP-SNS-STBOX1.2.0.0
2024-11-21 13:35:23,592 [WARN] PackLoader:240 - Cannot read IP mode file for STMicroelectronics.X-CUBE-SUBG2.5.0.0
2024-11-21 13:35:23,612 [WARN] PackLoader:240 - Cannot read IP mode file for Cesanta.I-CUBE-Mongoose.7.13.0
2024-11-21 13:35:23,646 [WARN] PackLoader:240 - Cannot read IP mode file for STMicroelectronics.X-CUBE-AZRTOS-G4.2.0.0
2024-11-21 13:35:23,662 [WARN] PackLoader:240 - Cannot read IP mode file for STMicroelectronics.X-CUBE-ISPU.2.0.0
2024-11-21 13:35:23,680 [WARN] PackLoader:240 - Cannot read IP mode file for STMicroelectronics.X-CUBE-ALS.1.0.2
2024-11-21 13:35:23,700 [WARN] PackLoader:240 - Cannot read IP mode file for STMicroelectronics.X-CUBE-TOUCHGFX.4.24.0
2024-11-21 13:35:23,715 [WARN] PackLoader:240 - Cannot read IP mode file for STMicroelectronics.X-CUBE-TOUCHGFX.4.24.1
2024-11-21 13:35:23,732 [WARN] PackLoader:240 - Cannot read IP mode file for wolfSSL.I-CUBE-wolfTPM.3.4.0
2024-11-21 13:35:23,753 [WARN] PackLoader:240 - Cannot read IP mode file for portGmbH.I-Cube-SoM-uGOAL.1.1.0
2024-11-21 13:35:23,793 [WARN] PackLoader:240 - Cannot read IP mode file for STMicroelectronics.X-CUBE-AZRTOS-H7RS.1.0.0
2024-11-21 13:35:23,814 [WARN] PackLoader:240 - Cannot read IP mode file for STMicroelectronics.FP-ATR-ASTRA1.2.0.0
2024-11-21 13:35:23,841 [WARN] PackLoader:240 - Cannot read IP mode file for STMicroelectronics.X-CUBE-TOF1.3.4.2
2024-11-21 13:35:23,895 [WARN] PackLoader:240 - Cannot read IP mode file for Infineon.AIROC-Wi-Fi-Bluetooth-STM32.1.6.1
2024-11-21 13:35:23,912 [WARN] PackLoader:240 - Cannot read IP mode file for wolfSSL.I-CUBE-wolfSSH.1.4.17
2024-11-21 13:35:23,913 [INFO] ThirdParty:978 - Integrity check success = true
2024-11-21 13:35:23,913 [INFO] IntegrityCheckThread:100 - exiting critical section [integrity check]
2024-11-21 13:35:23,914 [INFO] IntegrityCheckThread:103 - End integrity checks thread
2024-11-21 13:35:27,460 [INFO] WebApp:167 - Instantiating new browser for Auth
2024-11-21 13:35:28,480 [INFO] WebApp:448 - Apply proxy settings
2024-11-21 13:35:28,480 [INFO] WebApp:533 - Chromium requires no authentication
2024-11-21 13:35:28,494 [INFO] WebApp:476 - Direct internet connection detected
2024-11-21 13:35:28,530 [INFO] WebApp:869 - Register for checkConnection events
2024-11-21 13:35:28,530 [INFO] WebApp:448 - Apply proxy settings
2024-11-21 13:35:28,530 [INFO] WebApp:533 - Chromium requires no authentication
2024-11-21 13:35:28,531 [INFO] WebApp:476 - Direct internet connection detected
2024-11-21 13:35:28,836 [INFO] WebApp:220 - Starting web application
2024-11-21 13:35:28,836 [INFO] WebApp:578 - Web application path used C:\ST\STM32CubeIDE_1.16.0\STM32CubeIDE\plugins\com.st.stm32cube.common.mx_6.12.1.202409122256\db\plugins\mcufinder\reactClient1\index.html
2024-11-21 13:35:29,055 [INFO] WebApp:186 - Connection restablished
2024-11-21 13:35:29,110 [INFO] UserAuth:417 - Internet connection configuration mode: 1
2024-11-21 13:36:50,530 [ERROR] LogOutputStream:75 - [STDERR_REDIRECT] 
2024-11-21 13:36:50,533 [ERROR] LogOutputStream:75 - [STDERR_REDIRECT] 
