2024-11-21 13:37:11,338 [INFO] Activator:176 - 


2024-11-21 13:37:11,341 [INFO] Activator:177 - !SESSION log4j initialized
2024-11-21 13:37:13,877 [INFO] LogOutputStream:77 - [STDOUT_REDIRECT] 
2024-11-21 13:37:15,841 [INFO] ApplicationProperties:184 - Using Application install path: C:\ST\STM32CubeIDE_1.16.0\STM32CubeIDE\plugins\com.st.stm32cube.common.mx_6.12.1.202409122256
2024-11-21 13:37:15,859 [INFO] DbMcusXml:78 - Set database path to: C:\ST\STM32CubeIDE_1.16.0\STM32CubeIDE\plugins\com.st.stm32cube.common.mx_6.12.1.202409122256\\db\/mcu/
2024-11-21 13:37:15,859 [INFO] ApiDb:274 - Set plugin database path to: C:\ST\STM32CubeIDE_1.16.0\STM32CubeIDE\plugins\com.st.stm32cube.common.mx_6.12.1.202409122256\\db\/plugins/boardmanager/
2024-11-21 13:37:15,861 [WARN] ApiDb:259 - Overriding images path with different value:  => C:\ST\STM32CubeIDE_1.16.0\STM32CubeIDE\plugins\com.st.stm32cube.common.mx_6.12.1.202409122256\\db\/plugins/mcufinder/images/
2024-11-21 13:37:15,867 [INFO] ApiDb:250 - Set database path to: C:\Users\north\.stmcufinder\plugins\mcufinder//mcu/
2024-11-21 13:37:15,869 [INFO] DbMcusAds:125 - Set database path to: C:\Users\north\.stmcufinder\plugins\mcufinder//mcu/
2024-11-21 13:37:15,872 [INFO] CrossReferenceDbSqlite:203 - Set database path to: C:\Users\north\.stmcufinder\plugins\mcufinder//mcu/cs/
2024-11-21 13:37:15,993 [INFO] RulesReader:64 - Compatibility file has been processed (297 Rules)
2024-11-21 13:37:16,074 [INFO] DbMcusXml:78 - Set database path to: C:\ST\STM32CubeIDE_1.16.0\STM32CubeIDE\plugins\com.st.stm32cube.common.mx_6.12.1.202409122256\\db\/mcu/
2024-11-21 13:37:16,074 [INFO] ApiDb:274 - Set plugin database path to: C:\ST\STM32CubeIDE_1.16.0\STM32CubeIDE\plugins\com.st.stm32cube.common.mx_6.12.1.202409122256\\db\/plugins/boardmanager/
2024-11-21 13:37:16,074 [INFO] ApiDb:261 - Set plugin images path to: C:\ST\STM32CubeIDE_1.16.0\STM32CubeIDE\plugins\com.st.stm32cube.common.mx_6.12.1.202409122256\\db\/plugins/mcufinder/images/
2024-11-21 13:37:16,075 [WARN] DbFile:41 - Overriding database path with different value: C:\Users\north\.stmcufinder\plugins\mcufinder/ => C:\Users\north\.stmcufinder\plugins\mcufinder
2024-11-21 13:37:16,075 [INFO] ApiDb:250 - Set database path to: C:\Users\north\.stmcufinder\plugins\mcufinder//mcu/
2024-11-21 13:37:16,075 [WARN] DbFile:41 - Overriding database path with different value: C:\Users\north\.stmcufinder\plugins\mcufinder/ => C:\Users\north\.stmcufinder\plugins\mcufinder
2024-11-21 13:37:16,075 [INFO] DbMcusAds:125 - Set database path to: C:\Users\north\.stmcufinder\plugins\mcufinder//mcu/
2024-11-21 13:37:16,076 [WARN] DbFile:41 - Overriding database path with different value: C:\Users\north\.stmcufinder\plugins\mcufinder/ => C:\Users\north\.stmcufinder\plugins\mcufinder
2024-11-21 13:37:16,076 [WARN] DbFile:41 - Overriding database path with different value: C:\Users\north\.stmcufinder\plugins\mcufinder/ => C:\Users\north\.stmcufinder\plugins\mcufinder
2024-11-21 13:37:16,076 [INFO] CrossReferenceDbSqlite:203 - Set database path to: C:\Users\north\.stmcufinder\plugins\mcufinder//mcu/cs/
2024-11-21 13:37:16,150 [INFO] MainPanel:268 - HeapMemory: 268435456
2024-11-21 13:37:16,244 [INFO] DbMcusXml:78 - Set database path to: C:\ST\STM32CubeIDE_1.16.0\STM32CubeIDE\plugins\com.st.stm32cube.common.mx_6.12.1.202409122256\\db\/mcu/
2024-11-21 13:37:16,244 [INFO] ApiDb:274 - Set plugin database path to: C:\ST\STM32CubeIDE_1.16.0\STM32CubeIDE\plugins\com.st.stm32cube.common.mx_6.12.1.202409122256\\db\/plugins/boardmanager/
2024-11-21 13:37:16,244 [INFO] ApiDb:261 - Set plugin images path to: C:\ST\STM32CubeIDE_1.16.0\STM32CubeIDE\plugins\com.st.stm32cube.common.mx_6.12.1.202409122256\\db\/plugins/mcufinder/images/
2024-11-21 13:37:16,244 [WARN] DbFile:41 - Overriding database path with different value: C:\Users\north\.stmcufinder\plugins\mcufinder/ => C:\Users\north\.stmcufinder\plugins\mcufinder
2024-11-21 13:37:16,245 [INFO] ApiDb:250 - Set database path to: C:\Users\north\.stmcufinder\plugins\mcufinder//mcu/
2024-11-21 13:37:16,245 [WARN] DbFile:41 - Overriding database path with different value: C:\Users\north\.stmcufinder\plugins\mcufinder/ => C:\Users\north\.stmcufinder\plugins\mcufinder
2024-11-21 13:37:16,245 [INFO] DbMcusAds:125 - Set database path to: C:\Users\north\.stmcufinder\plugins\mcufinder//mcu/
2024-11-21 13:37:16,245 [WARN] DbFile:41 - Overriding database path with different value: C:\Users\north\.stmcufinder\plugins\mcufinder/ => C:\Users\north\.stmcufinder\plugins\mcufinder
2024-11-21 13:37:16,245 [WARN] DbFile:41 - Overriding database path with different value: C:\Users\north\.stmcufinder\plugins\mcufinder/ => C:\Users\north\.stmcufinder\plugins\mcufinder
2024-11-21 13:37:16,245 [INFO] CrossReferenceDbSqlite:203 - Set database path to: C:\Users\north\.stmcufinder\plugins\mcufinder//mcu/cs/
2024-11-21 13:37:16,265 [INFO] ApplicationProperties:184 - Using Application install path: C:\ST\STM32CubeIDE_1.16.0\STM32CubeIDE\plugins\com.st.stm32cube.common.mx_6.12.1.202409122256
2024-11-21 13:37:16,266 [INFO] PluginManage:196 - Search for loadable plugins [exclusion list=, ]
2024-11-21 13:37:16,268 [INFO] PluginManage:310 - Check plugin analytics
2024-11-21 13:37:16,524 [INFO] AnalyticsPlugin:253 - Accepted Software Licenses: 
2024-11-21 13:37:16,525 [INFO] AnalyticsPlugin:255 - Accepted CMSIS Pack Licenses: 
2024-11-21 13:37:16,525 [INFO] AnalyticsPlugin:257 - Accepted Firmware Licenses: FW.L4.1.18.0,FW.F4.1.28.0
2024-11-21 13:37:16,528 [INFO] PluginManage:359 - Loaded plugin analytics (category:tool,tabindex:-1)
2024-11-21 13:37:16,528 [INFO] PluginManage:310 - Check plugin cadmodel
2024-11-21 13:37:16,535 [INFO] CADModel:105 - Init CAD model plugin
2024-11-21 13:37:16,536 [INFO] PluginManage:359 - Loaded plugin cadmodel (category:power,tabindex:5)
2024-11-21 13:37:16,537 [INFO] PluginManage:310 - Check plugin clock
2024-11-21 13:37:16,558 [INFO] PluginManage:359 - Loaded plugin clock (category:base,tabindex:2)
2024-11-21 13:37:16,558 [INFO] PluginManage:310 - Check plugin ddr
2024-11-21 13:37:16,562 [INFO] PluginManage:359 - Loaded plugin ddr (category:tool,tabindex:6)
2024-11-21 13:37:16,563 [INFO] PluginManage:310 - Check plugin filemanager
2024-11-21 13:37:16,777 [INFO] PluginManage:359 - Loaded plugin filemanager (category:base,tabindex:10)
2024-11-21 13:37:16,778 [INFO] PluginManage:310 - Check plugin ipmanager
2024-11-21 13:37:16,786 [INFO] PluginManage:359 - Loaded plugin ipmanager (category:base,tabindex:5)
2024-11-21 13:37:16,786 [INFO] PluginManage:310 - Check plugin lpbam
2024-11-21 13:37:16,799 [INFO] PluginManage:359 - Loaded plugin lpbam (category:base,tabindex:0)
2024-11-21 13:37:16,799 [INFO] PluginManage:310 - Check plugin memorymap
2024-11-21 13:37:16,825 [INFO] PluginManage:359 - Loaded plugin memorymap (category:base,tabindex:4)
2024-11-21 13:37:16,826 [INFO] PluginManage:310 - Check plugin pinoutandconfiguration
2024-11-21 13:37:16,841 [INFO] PluginManage:359 - Loaded plugin pinoutandconfiguration (category:base,tabindex:1)
2024-11-21 13:37:16,841 [INFO] PluginManage:310 - Check plugin pinoutconfig
2024-11-21 13:37:17,057 [WARN] SupportedApi:132 - Cannot load RTOS API schema: s4s-elt-must-match.1: The content of 'definitions' must match (annotation?, (simpleType | complexType)?, (unique | key | keyref)*)). A problem was found starting at: attribute.
2024-11-21 13:37:17,250 [INFO] PluginManage:359 - Loaded plugin pinoutconfig (category:base,tabindex:0)
2024-11-21 13:37:17,251 [INFO] PluginManage:310 - Check plugin power
2024-11-21 13:37:17,263 [INFO] PluginManage:359 - Loaded plugin power (category:power,tabindex:4)
2024-11-21 13:37:17,264 [INFO] PluginManage:310 - Check plugin projectmanager
2024-11-21 13:37:17,286 [INFO] PluginManage:359 - Loaded plugin projectmanager (category:projectmanager,tabindex:4)
2024-11-21 13:37:17,286 [INFO] PluginManage:310 - Check plugin rif
2024-11-21 13:37:17,293 [INFO] PluginManage:359 - Loaded plugin rif (category:base,tabindex:3)
2024-11-21 13:37:17,293 [INFO] PluginManage:310 - Check plugin thirdparty
2024-11-21 13:37:17,554 [INFO] PluginManage:359 - Loaded plugin thirdparty (category:base,tabindex:-1)
2024-11-21 13:37:17,555 [INFO] PluginManage:310 - Check plugin tools
2024-11-21 13:37:17,554 [WARN] IntegrityCheckThread:84 - waiting for thirdparty lock release [integrity check]
2024-11-21 13:37:17,555 [INFO] IntegrityCheckThread:86 - entering critical section [integrity check]
2024-11-21 13:37:17,556 [INFO] ThirdPartyUpdaterWithRetryManager:70 - Updater plugin not ready yet. [1/15]
2024-11-21 13:37:17,562 [INFO] PluginManage:359 - Loaded plugin tools (category:base,tabindex:7)
2024-11-21 13:37:17,562 [INFO] PluginManage:310 - Check plugin tutovideos
2024-11-21 13:37:17,844 [INFO] PluginManage:359 - Loaded plugin tutovideos (category:base,tabindex:-1)
2024-11-21 13:37:17,845 [INFO] PluginManage:310 - Check plugin updater
2024-11-21 13:37:17,892 [INFO] PluginManage:359 - Loaded plugin updater (category:base,tabindex:12)
2024-11-21 13:37:17,892 [INFO] PluginManage:310 - Check plugin userauth
2024-11-21 13:37:17,906 [INFO] UserAuth:113 - Init User Auth plugin
2024-11-21 13:37:17,907 [INFO] PluginManage:359 - Loaded plugin userauth (category:base,tabindex:14)
2024-11-21 13:37:17,908 [INFO] PluginManage:283 - PluginManage : Loaded plugins [18]
2024-11-21 13:37:18,221 [INFO] PinOutPanel:1561 - setPackage(No Configuration,No Configuration)
2024-11-21 13:37:18,339 [INFO] CADModel:165 - CPN selected for project level
2024-11-21 13:37:18,339 [INFO] CADModel:114 - Register for checkConnection events
2024-11-21 13:37:18,358 [INFO] IPUIPlugin:80 - create IPUIPlugin
2024-11-21 13:37:18,358 [INFO] PluginManager:220 - loadIPPluginJar : add adc
2024-11-21 13:37:18,362 [INFO] IPUIPlugin:80 - create IPUIPlugin
2024-11-21 13:37:18,362 [INFO] PluginManager:220 - loadIPPluginJar : add aes
2024-11-21 13:37:18,365 [INFO] IPUIPlugin:80 - create IPUIPlugin
2024-11-21 13:37:18,366 [INFO] PluginManager:220 - loadIPPluginJar : add can
2024-11-21 13:37:18,368 [INFO] IPUIPlugin:80 - create IPUIPlugin
2024-11-21 13:37:18,368 [INFO] PluginManager:220 - loadIPPluginJar : add comp
2024-11-21 13:37:18,370 [INFO] IPUIPlugin:80 - create IPUIPlugin
2024-11-21 13:37:18,370 [INFO] PluginManager:220 - loadIPPluginJar : add cryp
2024-11-21 13:37:18,374 [INFO] IPUIPlugin:80 - create IPUIPlugin
2024-11-21 13:37:18,374 [INFO] PluginManager:220 - loadIPPluginJar : add ddr_ctrl_phy
2024-11-21 13:37:18,377 [INFO] IPUIPlugin:80 - create IPUIPlugin
2024-11-21 13:37:18,377 [INFO] PluginManager:220 - loadIPPluginJar : add dfsdm
2024-11-21 13:37:18,383 [INFO] IPUIPlugin:80 - create IPUIPlugin
2024-11-21 13:37:18,384 [INFO] PluginManager:220 - loadIPPluginJar : add dma
2024-11-21 13:37:18,386 [INFO] IPUIPlugin:80 - create IPUIPlugin
2024-11-21 13:37:18,386 [INFO] PluginManager:220 - loadIPPluginJar : add dma3
2024-11-21 13:37:18,390 [INFO] IPUIPlugin:80 - create IPUIPlugin
2024-11-21 13:37:18,390 [INFO] PluginManager:220 - loadIPPluginJar : add extmemmanager
2024-11-21 13:37:18,392 [INFO] IPUIPlugin:80 - create IPUIPlugin
2024-11-21 13:37:18,393 [INFO] PluginManager:220 - loadIPPluginJar : add fatfs
2024-11-21 13:37:18,399 [INFO] IPUIPlugin:80 - create IPUIPlugin
2024-11-21 13:37:18,399 [INFO] PluginManager:220 - loadIPPluginJar : add fmc
2024-11-21 13:37:18,406 [INFO] IPUIPlugin:80 - create IPUIPlugin
2024-11-21 13:37:18,407 [INFO] PluginManager:220 - loadIPPluginJar : add freertos
2024-11-21 13:37:18,408 [INFO] IPUIPlugin:80 - create IPUIPlugin
2024-11-21 13:37:18,408 [INFO] PluginManager:220 - loadIPPluginJar : add genericplugin
2024-11-21 13:37:18,410 [INFO] IPUIPlugin:80 - create IPUIPlugin
2024-11-21 13:37:18,410 [INFO] PluginManager:220 - loadIPPluginJar : add gfxmmu
2024-11-21 13:37:18,415 [INFO] IPUIPlugin:80 - create IPUIPlugin
2024-11-21 13:37:18,415 [INFO] PluginManager:220 - loadIPPluginJar : add gic
2024-11-21 13:37:18,419 [INFO] IPUIPlugin:80 - create IPUIPlugin
2024-11-21 13:37:18,419 [INFO] PluginManager:220 - loadIPPluginJar : add gpio
2024-11-21 13:37:18,422 [INFO] IPUIPlugin:80 - create IPUIPlugin
2024-11-21 13:37:18,422 [INFO] PluginManager:220 - loadIPPluginJar : add gtzc
2024-11-21 13:37:18,424 [INFO] IPUIPlugin:80 - create IPUIPlugin
2024-11-21 13:37:18,424 [INFO] PluginManager:220 - loadIPPluginJar : add hash
2024-11-21 13:37:18,427 [INFO] IPUIPlugin:80 - create IPUIPlugin
2024-11-21 13:37:18,427 [INFO] PluginManager:220 - loadIPPluginJar : add i2c
2024-11-21 13:37:18,430 [INFO] IPUIPlugin:80 - create IPUIPlugin
2024-11-21 13:37:18,430 [INFO] PluginManager:220 - loadIPPluginJar : add i2s
2024-11-21 13:37:18,433 [INFO] IPUIPlugin:80 - create IPUIPlugin
2024-11-21 13:37:18,433 [INFO] PluginManager:220 - loadIPPluginJar : add i3c
2024-11-21 13:37:18,438 [INFO] IPUIPlugin:80 - create IPUIPlugin
2024-11-21 13:37:18,438 [INFO] PluginManager:220 - loadIPPluginJar : add ipddr
2024-11-21 13:37:18,451 [INFO] IPUIPlugin:80 - create IPUIPlugin
2024-11-21 13:37:18,451 [INFO] PluginManager:220 - loadIPPluginJar : add linkedlist
2024-11-21 13:37:18,456 [INFO] IPUIPlugin:80 - create IPUIPlugin
2024-11-21 13:37:18,456 [INFO] PluginManager:220 - loadIPPluginJar : add lorawan
2024-11-21 13:37:18,458 [INFO] IPUIPlugin:80 - create IPUIPlugin
2024-11-21 13:37:18,458 [INFO] PluginManager:220 - loadIPPluginJar : add ltdc
2024-11-21 13:37:18,465 [INFO] IPUIPlugin:80 - create IPUIPlugin
2024-11-21 13:37:18,466 [INFO] PluginManager:220 - loadIPPluginJar : add mdma
2024-11-21 13:37:18,470 [INFO] IPUIPlugin:80 - create IPUIPlugin
2024-11-21 13:37:18,470 [INFO] PluginManager:220 - loadIPPluginJar : add nvic
2024-11-21 13:37:18,474 [INFO] IPUIPlugin:80 - create IPUIPlugin
2024-11-21 13:37:18,475 [INFO] PluginManager:220 - loadIPPluginJar : add opamp
2024-11-21 13:37:18,483 [INFO] IPUIPlugin:80 - create IPUIPlugin
2024-11-21 13:37:18,483 [INFO] PluginManager:220 - loadIPPluginJar : add openamp
2024-11-21 13:37:18,489 [INFO] IPUIPlugin:80 - create IPUIPlugin
2024-11-21 13:37:18,489 [INFO] PluginManager:220 - loadIPPluginJar : add pdm2pcm
2024-11-21 13:37:18,497 [INFO] IPUIPlugin:80 - create IPUIPlugin
2024-11-21 13:37:18,500 [INFO] PluginManager:220 - loadIPPluginJar : add plateformsettings
2024-11-21 13:37:18,503 [INFO] IPUIPlugin:80 - create IPUIPlugin
2024-11-21 13:37:18,503 [INFO] PluginManager:220 - loadIPPluginJar : add quadspi
2024-11-21 13:37:18,507 [INFO] IPUIPlugin:80 - create IPUIPlugin
2024-11-21 13:37:18,512 [INFO] PluginManager:220 - loadIPPluginJar : add radio
2024-11-21 13:37:18,516 [INFO] IPUIPlugin:80 - create IPUIPlugin
2024-11-21 13:37:18,516 [INFO] PluginManager:220 - loadIPPluginJar : add resmgrutility
2024-11-21 13:37:18,519 [INFO] IPUIPlugin:80 - create IPUIPlugin
2024-11-21 13:37:18,520 [INFO] PluginManager:220 - loadIPPluginJar : add sai
2024-11-21 13:37:18,523 [INFO] IPUIPlugin:80 - create IPUIPlugin
2024-11-21 13:37:18,523 [INFO] PluginManager:220 - loadIPPluginJar : add spi
2024-11-21 13:37:18,530 [INFO] IPUIPlugin:80 - create IPUIPlugin
2024-11-21 13:37:18,531 [INFO] PluginManager:220 - loadIPPluginJar : add stm32_wpan
2024-11-21 13:37:18,532 [INFO] IPUIPlugin:80 - create IPUIPlugin
2024-11-21 13:37:18,533 [INFO] PluginManager:220 - loadIPPluginJar : add tim
2024-11-21 13:37:18,538 [INFO] IPUIPlugin:80 - create IPUIPlugin
2024-11-21 13:37:18,538 [INFO] PluginManager:220 - loadIPPluginJar : add touchsensing
2024-11-21 13:37:18,544 [INFO] IPUIPlugin:80 - create IPUIPlugin
2024-11-21 13:37:18,544 [INFO] PluginManager:220 - loadIPPluginJar : add tracer_emb
2024-11-21 13:37:18,547 [INFO] IPUIPlugin:80 - create IPUIPlugin
2024-11-21 13:37:18,547 [INFO] PluginManager:220 - loadIPPluginJar : add ts
2024-11-21 13:37:18,551 [INFO] IPUIPlugin:80 - create IPUIPlugin
2024-11-21 13:37:18,551 [INFO] PluginManager:220 - loadIPPluginJar : add tsc
2024-11-21 13:37:18,555 [INFO] IPUIPlugin:80 - create IPUIPlugin
2024-11-21 13:37:18,555 [INFO] PluginManager:220 - loadIPPluginJar : add ucpd
2024-11-21 13:37:18,560 [INFO] IPUIPlugin:80 - create IPUIPlugin
2024-11-21 13:37:18,560 [INFO] PluginManager:220 - loadIPPluginJar : add usart
2024-11-21 13:37:18,565 [INFO] IPUIPlugin:80 - create IPUIPlugin
2024-11-21 13:37:18,565 [INFO] PluginManager:220 - loadIPPluginJar : add usbx
2024-11-21 13:37:18,723 [INFO] CADModel:165 - CPN selected for project level
2024-11-21 13:37:18,723 [INFO] CADModel:114 - Register for checkConnection events
2024-11-21 13:37:18,724 [FATAL] Updater:334 - Updater called before beeing initialized
2024-11-21 13:37:18,724 [ERROR] CADModel:125 - Updater not yet initialized, retry later 
2024-11-21 13:37:18,922 [INFO] CADModel:165 - CPN selected for project level
2024-11-21 13:37:18,922 [INFO] CADModel:114 - Register for checkConnection events
2024-11-21 13:37:18,922 [FATAL] Updater:334 - Updater called before beeing initialized
2024-11-21 13:37:18,922 [ERROR] CADModel:125 - Updater not yet initialized, retry later 
2024-11-21 13:37:18,927 [FATAL] Updater:334 - Updater called before beeing initialized
2024-11-21 13:37:19,099 [FATAL] Updater:334 - Updater called before beeing initialized
2024-11-21 13:37:19,104 [INFO] DbMcusAds:53 - JSON generation date=Fri Sep 20 09:04:38 EDT 2024 (1726837478367)
2024-11-21 13:37:19,104 [FATAL] Updater:334 - Updater called before beeing initialized
2024-11-21 13:37:19,139 [WARN] DetailPanel:346 - Failed to get advertising image, set to default
2024-11-21 13:37:19,233 [FATAL] Updater:334 - Updater called before beeing initialized
2024-11-21 13:37:19,235 [FATAL] Updater:334 - Updater called before beeing initialized
2024-11-21 13:37:19,235 [FATAL] Updater:334 - Updater called before beeing initialized
2024-11-21 13:37:19,235 [WARN] DetailPanel:346 - Failed to get advertising image, set to default
2024-11-21 13:37:19,237 [FATAL] Updater:334 - Updater called before beeing initialized
2024-11-21 13:37:19,299 [ERROR] Updater:1164 - MainUpdater not yet initialized. External WinMGr cannot be set.
2024-11-21 13:37:19,304 [INFO] Updater:1100 - Updater Version found : 6.12.1
2024-11-21 13:37:19,326 [INFO] ApplicationProperties:184 - Using Application install path: C:\ST\STM32CubeIDE_1.16.0\STM32CubeIDE\plugins\com.st.stm32cube.common.mx_6.12.1.202409122256
2024-11-21 13:37:20,558 [INFO] ThirdPartyUpdaterWithRetryManager:70 - Updater plugin not ready yet. [2/15]
2024-11-21 13:37:20,918 [ERROR] LogOutputStream:75 - [STDERR_REDIRECT] Nov 21, 2024 1:37:20 PM java.util.prefs.WindowsPreferences <init>
2024-11-21 13:37:20,919 [ERROR] LogOutputStream:75 - [STDERR_REDIRECT] WARNING: Could not open/create prefs root node Software\JavaSoft\Prefs at root 0xffffffff80000002. Windows RegCreateKeyEx(...) returned error code 5.
2024-11-21 13:37:20,919 [ERROR] LogOutputStream:75 - [STDERR_REDIRECT] 
2024-11-21 13:37:21,425 [INFO] MainUpdater:2873 - connection check result : 10
2024-11-21 13:37:21,425 [INFO] MainUpdater:290 - Updater Check For Update Now.
2024-11-21 13:37:21,425 [INFO] MicroXplorer:498 - Change Database Version : DB.6.0.121
2024-11-21 13:37:21,432 [INFO] McuFinderGlobals:63 - Set McuFinder mode to 2 (CubeIDE integrated)
2024-11-21 13:37:21,434 [INFO] UserAuth:417 - Internet connection configuration mode: 1
2024-11-21 13:37:21,464 [INFO] JxBrowserEngine:152 - Initiate JxBrowser Engine with user profile folder
2024-11-21 13:37:21,627 [INFO] CheckServerUpdateThread:120 - End of CheckServer Thread
2024-11-21 13:37:22,236 [INFO] WebApp:167 - Instantiating new browser for Auth
2024-11-21 13:37:23,158 [INFO] WebApp:448 - Apply proxy settings
2024-11-21 13:37:23,160 [INFO] WebApp:533 - Chromium requires no authentication
2024-11-21 13:37:23,171 [INFO] WebApp:476 - Direct internet connection detected
2024-11-21 13:37:23,201 [INFO] WebApp:869 - Register for checkConnection events
2024-11-21 13:37:23,201 [INFO] WebApp:448 - Apply proxy settings
2024-11-21 13:37:23,201 [INFO] WebApp:533 - Chromium requires no authentication
2024-11-21 13:37:23,203 [INFO] WebApp:476 - Direct internet connection detected
2024-11-21 13:37:23,391 [INFO] WebApp:220 - Starting web application
2024-11-21 13:37:23,391 [INFO] WebApp:578 - Web application path used C:\ST\STM32CubeIDE_1.16.0\STM32CubeIDE\plugins\com.st.stm32cube.common.mx_6.12.1.202409122256\db\plugins\mcufinder\reactClient1\index.html
2024-11-21 13:37:23,532 [INFO] UserAuth:417 - Internet connection configuration mode: 1
2024-11-21 13:37:23,848 [INFO] WebApp:186 - Connection restablished
2024-11-21 13:37:23,981 [WARN] PackLoader:240 - Cannot read IP mode file for STMicroelectronics.FP-SNS-MOTENVWB1.1.4.0
2024-11-21 13:37:23,999 [WARN] PackLoader:240 - Cannot read IP mode file for STMicroelectronics.FP-ATR-ASTRA1.2.0.1
2024-11-21 13:37:24,016 [WARN] PackLoader:240 - Cannot read IP mode file for STMicroelectronics.X-CUBE-SMBUS.2.1.0
2024-11-21 13:37:24,037 [WARN] PackLoader:240 - Cannot read IP mode file for STMicroelectronics.X-CUBE-WB05N.1.1.0
2024-11-21 13:37:24,116 [WARN] PackLoader:240 - Cannot read IP mode file for STMicroelectronics.X-CUBE-AZRTOS-F7.1.1.0
2024-11-21 13:37:24,258 [WARN] PackLoader:240 - Cannot read IP mode file for STMicroelectronics.X-CUBE-MEMS1.11.0.0
2024-11-21 13:37:24,525 [WARN] PackLoader:240 - Cannot read IP mode file for STMicroelectronics.FP-SNS-FLIGHT1.5.0.2
2024-11-21 13:37:24,545 [WARN] PackLoader:240 - Cannot read IP mode file for STMicroelectronics.X-CUBE-DISPLAY.3.0.0
2024-11-21 13:37:24,560 [WARN] PackLoader:240 - Cannot read IP mode file for STMicroelectronics.X-CUBE-BLE1.7.0.0
2024-11-21 13:37:24,571 [WARN] PackLoader:240 - Cannot read IP mode file for STMicroelectronics.X-CUBE-NFC10.1.0.0
2024-11-21 13:37:24,584 [WARN] PackLoader:240 - Cannot read IP mode file for emotas.I-CUBE-CANOPEN.1.3.0
2024-11-21 13:37:24,600 [WARN] PackLoader:240 - Cannot read IP mode file for STMicroelectronics.X-CUBE-BLEMGR.3.1.0
2024-11-21 13:37:24,611 [WARN] PackLoader:240 - Cannot read IP mode file for STMicroelectronics.FP-SNS-SMARTAG2.1.2.0
2024-11-21 13:37:24,628 [INFO] LogOutputStream:77 - [STDOUT_REDIRECT] 1 : Invalid condition id : UX_CORESTACK_Condition cause : null
2024-11-21 13:37:24,630 [INFO] LogOutputStream:77 - [STDOUT_REDIRECT] 1 : Invalid condition id : UX_CORESTACK_Condition cause : null
2024-11-21 13:37:24,632 [INFO] LogOutputStream:77 - [STDOUT_REDIRECT] 1 : Invalid condition id : UX_CORESTACK_Condition cause : null
2024-11-21 13:37:24,635 [INFO] LogOutputStream:77 - [STDOUT_REDIRECT] 1 : Invalid condition id : UX_CORESTACK_Condition cause : null
2024-11-21 13:37:24,637 [INFO] LogOutputStream:77 - [STDOUT_REDIRECT] 1 : Invalid condition id : UX_CORESTACK_Condition cause : null
2024-11-21 13:37:24,642 [WARN] PackLoader:240 - Cannot read IP mode file for STMicroelectronics.X-CUBE-AZRTOS-WL.2.0.0
2024-11-21 13:37:24,652 [WARN] PackLoader:240 - Cannot read IP mode file for STMicroelectronics.FP-SNS-MOTENV1.5.0.0
2024-11-21 13:37:24,661 [WARN] PackLoader:240 - Cannot read IP mode file for wolfSSL.I-CUBE-wolfMQTT.1.19.0
2024-11-21 13:37:24,674 [WARN] PackLoader:240 - Cannot read IP mode file for WES.I-CUBE-Cesium.1.3.0
2024-11-21 13:37:24,682 [WARN] PackLoader:240 - Cannot read IP mode file for STMicroelectronics.X-CUBE-BLE2.3.3.0
2024-11-21 13:37:24,691 [WARN] PackLoader:240 - Cannot read IP mode file for STMicroelectronics.X-CUBE-NFC9.1.0.0
2024-11-21 13:37:24,698 [WARN] PackLoader:240 - Cannot read IP mode file for STMicroelectronics.X-CUBE-TCPP.4.1.0
2024-11-21 13:37:24,722 [WARN] PackLoader:240 - Cannot read IP mode file for STMicroelectronics.X-CUBE-AZRTOS-G0.1.1.0
2024-11-21 13:37:24,736 [WARN] PackLoader:240 - Cannot read IP mode file for STMicroelectronics.X-CUBE-SAFEA1.1.2.2
2024-11-21 13:37:24,742 [WARN] PackLoader:240 - Cannot read IP mode file for STMicroelectronics.X-CUBE-NFC4.3.0.0
2024-11-21 13:37:24,752 [WARN] PackLoader:240 - Cannot read IP mode file for EmbeddedOffice.I-CUBE-FS-RTOS.1.0.1
2024-11-21 13:37:24,753 [ERROR] ConditionMgr:805 - Attr not supported : Dmpu
2024-11-21 13:37:24,753 [ERROR] ConditionMgr:805 - Attr not supported : Dmpu
2024-11-21 13:37:24,753 [ERROR] ConditionMgr:805 - Attr not supported : Dmpu
2024-11-21 13:37:24,753 [ERROR] ConditionMgr:805 - Attr not supported : Dmpu
2024-11-21 13:37:24,753 [ERROR] ConditionMgr:805 - Attr not supported : Dmpu
2024-11-21 13:37:24,753 [ERROR] ConditionMgr:805 - Attr not supported : Dmpu
2024-11-21 13:37:24,753 [ERROR] ConditionMgr:805 - Attr not supported : Dmpu
2024-11-21 13:37:24,753 [ERROR] ConditionMgr:805 - Attr not supported : Dmpu
2024-11-21 13:37:24,753 [ERROR] ConditionMgr:805 - Attr not supported : Dmpu
2024-11-21 13:37:24,753 [ERROR] ConditionMgr:805 - Attr not supported : Dmpu
2024-11-21 13:37:24,753 [ERROR] ConditionMgr:805 - Attr not supported : Dmpu
2024-11-21 13:37:24,753 [ERROR] ConditionMgr:805 - Attr not supported : Dmpu
2024-11-21 13:37:24,753 [ERROR] ConditionMgr:805 - Attr not supported : Dmpu
2024-11-21 13:37:24,753 [ERROR] ConditionMgr:805 - Attr not supported : Dmpu
2024-11-21 13:37:24,753 [ERROR] ConditionMgr:805 - Attr not supported : Dmpu
2024-11-21 13:37:24,754 [ERROR] ConditionMgr:805 - Attr not supported : Dmpu
2024-11-21 13:37:24,754 [ERROR] ConditionMgr:805 - Attr not supported : Dmpu
2024-11-21 13:37:24,754 [ERROR] ConditionMgr:805 - Attr not supported : Dmpu
2024-11-21 13:37:24,754 [ERROR] ConditionMgr:805 - Attr not supported : Dmpu
2024-11-21 13:37:24,754 [ERROR] ConditionMgr:805 - Attr not supported : Dmpu
2024-11-21 13:37:24,754 [ERROR] ConditionMgr:805 - Attr not supported : Dmpu
2024-11-21 13:37:24,754 [ERROR] ConditionMgr:805 - Attr not supported : Dmpu
2024-11-21 13:37:24,754 [ERROR] ConditionMgr:805 - Attr not supported : Dmpu
2024-11-21 13:37:24,754 [ERROR] ConditionMgr:805 - Attr not supported : Dmpu
2024-11-21 13:37:24,754 [ERROR] ConditionMgr:805 - Attr not supported : Dmpu
2024-11-21 13:37:24,754 [ERROR] ConditionMgr:805 - Attr not supported : Dmpu
2024-11-21 13:37:24,754 [ERROR] ConditionMgr:805 - Attr not supported : Dmpu
2024-11-21 13:37:24,754 [ERROR] ConditionMgr:805 - Attr not supported : Dmpu
2024-11-21 13:37:24,754 [ERROR] ConditionMgr:805 - Attr not supported : Dmpu
2024-11-21 13:37:24,754 [ERROR] ConditionMgr:805 - Attr not supported : Dmpu
2024-11-21 13:37:24,754 [ERROR] ConditionMgr:805 - Attr not supported : Dmpu
2024-11-21 13:37:24,754 [ERROR] ConditionMgr:805 - Attr not supported : Dmpu
2024-11-21 13:37:24,754 [ERROR] ConditionMgr:805 - Attr not supported : Dmpu
2024-11-21 13:37:24,754 [ERROR] ConditionMgr:805 - Attr not supported : Dmpu
2024-11-21 13:37:24,754 [ERROR] ConditionMgr:805 - Attr not supported : Dmpu
2024-11-21 13:37:24,754 [ERROR] ConditionMgr:805 - Attr not supported : Dmpu
2024-11-21 13:37:24,755 [ERROR] ConditionMgr:805 - Attr not supported : Dmpu
2024-11-21 13:37:24,755 [ERROR] ConditionMgr:805 - Attr not supported : Dmpu
2024-11-21 13:37:24,755 [ERROR] ConditionMgr:805 - Attr not supported : Dmpu
2024-11-21 13:37:24,755 [ERROR] ConditionMgr:805 - Attr not supported : Dmpu
2024-11-21 13:37:24,755 [ERROR] ConditionMgr:805 - Attr not supported : Dmpu
2024-11-21 13:37:24,755 [ERROR] ConditionMgr:805 - Attr not supported : Dmpu
2024-11-21 13:37:24,755 [ERROR] ConditionMgr:805 - Attr not supported : Dmpu
2024-11-21 13:37:24,755 [ERROR] ConditionMgr:805 - Attr not supported : Dmpu
2024-11-21 13:37:24,755 [ERROR] ConditionMgr:805 - Attr not supported : Dmpu
2024-11-21 13:37:24,755 [ERROR] ConditionMgr:805 - Attr not supported : Dmpu
2024-11-21 13:37:24,755 [ERROR] ConditionMgr:805 - Attr not supported : Dmpu
2024-11-21 13:37:24,755 [ERROR] ConditionMgr:805 - Attr not supported : Dmpu
2024-11-21 13:37:24,755 [ERROR] ConditionMgr:805 - Attr not supported : Dmpu
2024-11-21 13:37:24,755 [ERROR] ConditionMgr:805 - Attr not supported : Dmpu
2024-11-21 13:37:24,755 [ERROR] ConditionMgr:805 - Attr not supported : Dmpu
2024-11-21 13:37:24,755 [ERROR] ConditionMgr:805 - Attr not supported : Dmpu
2024-11-21 13:37:24,755 [ERROR] ConditionMgr:805 - Attr not supported : Dmpu
2024-11-21 13:37:24,755 [ERROR] ConditionMgr:805 - Attr not supported : Dmpu
2024-11-21 13:37:24,755 [ERROR] ConditionMgr:805 - Attr not supported : Dmpu
2024-11-21 13:37:24,756 [ERROR] ConditionMgr:805 - Attr not supported : Dmpu
2024-11-21 13:37:24,756 [ERROR] ConditionMgr:805 - Attr not supported : Dmpu
2024-11-21 13:37:24,756 [ERROR] ConditionMgr:805 - Attr not supported : Dmpu
2024-11-21 13:37:24,756 [ERROR] ConditionMgr:805 - Attr not supported : Dmpu
2024-11-21 13:37:24,756 [ERROR] ConditionMgr:805 - Attr not supported : Dmpu
2024-11-21 13:37:24,756 [ERROR] ConditionMgr:805 - Attr not supported : Dmpu
2024-11-21 13:37:24,756 [ERROR] ConditionMgr:805 - Attr not supported : Dmpu
2024-11-21 13:37:24,756 [ERROR] ConditionMgr:805 - Attr not supported : Dmpu
2024-11-21 13:37:24,756 [ERROR] ConditionMgr:805 - Attr not supported : Dmpu
2024-11-21 13:37:24,763 [WARN] PackLoader:240 - Cannot read IP mode file for RealThread.X-CUBE-RT-Thread_Nano.4.1.1
2024-11-21 13:37:24,767 [WARN] PackLoader:240 - Cannot read IP mode file for STMicroelectronics.FP-ATR-SIGFOX1.3.2.0
2024-11-21 13:37:24,772 [WARN] PackLoader:240 - Cannot read IP mode file for wolfSSL.I-CUBE-wolfSSL.5.7.2
2024-11-21 13:37:24,778 [WARN] ConditionMgr:438 - getConditionDescription Invalid condition id : Cortex-A Device cause : null
2024-11-21 13:37:24,798 [WARN] ConditionMgr:1039 - genDependencies : Invalid condition id : Cortex-A Device cause : null
2024-11-21 13:37:24,798 [WARN] ConditionMgr:1039 - genDependencies : Invalid condition id : Cortex-A Device cause : null
2024-11-21 13:37:24,798 [WARN] ConditionMgr:1039 - genDependencies : Invalid condition id : Cortex-A Device cause : null
2024-11-21 13:37:24,807 [WARN] PackLoader:240 - Cannot read IP mode file for STMicroelectronics.X-CUBE-EEPRMA1.5.1.0
2024-11-21 13:37:24,816 [WARN] PackLoader:240 - Cannot read IP mode file for ITTIA_DB.I-CUBE-ITTIADB.8.9.0
2024-11-21 13:37:24,867 [WARN] PackLoader:240 - Cannot read IP mode file for SEGGER.I-CUBE-embOS.1.3.1
2024-11-21 13:37:24,964 [WARN] PackLoader:240 - Cannot read IP mode file for STMicroelectronics.X-CUBE-ALGOBUILD.1.4.0
2024-11-21 13:37:24,972 [WARN] PackLoader:240 - Cannot read IP mode file for STMicroelectronics.X-CUBE-AI.9.1.0
2024-11-21 13:37:24,981 [WARN] PackLoader:240 - Cannot read IP mode file for STMicroelectronics.X-CUBE-GNSS1.6.0.0
2024-11-21 13:37:25,006 [WARN] PackLoader:240 - Cannot read IP mode file for STMicroelectronics.X-CUBE-AZRTOS-F4.1.1.0
2024-11-21 13:37:25,019 [WARN] PackLoader:240 - Cannot read IP mode file for STMicroelectronics.X-CUBE-ISPU.2.1.0
2024-11-21 13:37:25,029 [WARN] PackLoader:240 - Cannot read IP mode file for STMicroelectronics.X-CUBE-FREERTOS.1.2.0
2024-11-21 13:37:25,055 [WARN] PackLoader:240 - Cannot read IP mode file for STMicroelectronics.X-CUBE-AZRTOS-L5.2.0.0
2024-11-21 13:37:25,070 [WARN] PackLoader:240 - Cannot read IP mode file for STMicroelectronics.X-CUBE-NFC6.3.1.0
2024-11-21 13:37:25,082 [WARN] PackLoader:240 - Cannot read IP mode file for STMicroelectronics.X-CUBE-DPower.1.2.0
2024-11-21 13:37:25,089 [WARN] PackLoader:240 - Cannot read IP mode file for STMicroelectronics.X-CUBE-AI.9.0.0
2024-11-21 13:37:25,099 [WARN] PackLoader:240 - Cannot read IP mode file for STMicroelectronics.X-CUBE-NFC7.1.0.1
2024-11-21 13:37:25,122 [WARN] ConditionMgr:438 - getConditionDescription Invalid condition id : LAN8742 Phy interface Condition cause : null
2024-11-21 13:37:25,123 [WARN] PackLoader:240 - Cannot read IP mode file for STMicroelectronics.X-CUBE-AZRTOS-L4.2.0.0
2024-11-21 13:37:25,125 [WARN] ConditionMgr:1039 - genDependencies : Invalid condition id : LAN8742 Phy interface Condition cause : null
2024-11-21 13:37:25,126 [WARN] ConditionMgr:1039 - genDependencies : Invalid condition id : LAN8742 Phy interface Condition cause : null
2024-11-21 13:37:25,128 [WARN] ConditionMgr:1039 - genDependencies : Invalid condition id : LAN8742 Phy interface Condition cause : null
2024-11-21 13:37:25,140 [WARN] PackLoader:240 - Cannot read IP mode file for STMicroelectronics.X-CUBE-SFXS2LP1.4.0.0
2024-11-21 13:37:25,172 [WARN] PackLoader:240 - Cannot read IP mode file for STMicroelectronics.X-CUBE-AZRTOS-H7.3.3.0
2024-11-21 13:37:25,197 [WARN] PackLoader:240 - Cannot read IP mode file for STMicroelectronics.X-CUBE-IPS.3.0.0
2024-11-21 13:37:25,220 [WARN] ConditionMgr:438 - getConditionDescription Invalid condition id : UX DEVICE CLASS RTOS Condition cause : null
2024-11-21 13:37:25,221 [WARN] ConditionMgr:438 - getConditionDescription Invalid condition id : UX DEVICE CLASS RTOS Condition cause : null
2024-11-21 13:37:25,224 [WARN] PackLoader:240 - Cannot read IP mode file for STMicroelectronics.X-CUBE-AZRTOS-WB.2.0.0
2024-11-21 13:37:25,225 [WARN] ConditionMgr:1039 - genDependencies : Invalid condition id : UX DEVICE CLASS RTOS Condition cause : null
2024-11-21 13:37:25,225 [WARN] ConditionMgr:1039 - genDependencies : Invalid condition id : UX DEVICE CLASS RTOS Condition cause : null
2024-11-21 13:37:25,226 [WARN] ConditionMgr:1039 - genDependencies : Invalid condition id : UX DEVICE CLASS RTOS Condition cause : null
2024-11-21 13:37:25,227 [WARN] ConditionMgr:1039 - genDependencies : Invalid condition id : UX DEVICE CLASS RTOS Condition cause : null
2024-11-21 13:37:25,227 [WARN] ConditionMgr:1039 - genDependencies : Invalid condition id : UX DEVICE CLASS RTOS Condition cause : null
2024-11-21 13:37:25,235 [WARN] PackLoader:240 - Cannot read IP mode file for STMicroelectronics.X-CUBE-GNSS1.7.0.0
2024-11-21 13:37:25,245 [WARN] PackLoader:240 - Cannot read IP mode file for STMicroelectronics.FP-SNS-STBOX1.2.0.0
2024-11-21 13:37:25,258 [WARN] PackLoader:240 - Cannot read IP mode file for STMicroelectronics.X-CUBE-SUBG2.5.0.0
2024-11-21 13:37:25,271 [WARN] PackLoader:240 - Cannot read IP mode file for Cesanta.I-CUBE-Mongoose.7.13.0
2024-11-21 13:37:25,289 [WARN] PackLoader:240 - Cannot read IP mode file for STMicroelectronics.X-CUBE-AZRTOS-G4.2.0.0
2024-11-21 13:37:25,294 [WARN] PackLoader:240 - Cannot read IP mode file for STMicroelectronics.X-CUBE-ISPU.2.0.0
2024-11-21 13:37:25,298 [WARN] PackLoader:240 - Cannot read IP mode file for STMicroelectronics.X-CUBE-ALS.1.0.2
2024-11-21 13:37:25,306 [WARN] PackLoader:240 - Cannot read IP mode file for STMicroelectronics.X-CUBE-TOUCHGFX.4.24.0
2024-11-21 13:37:25,310 [WARN] PackLoader:240 - Cannot read IP mode file for STMicroelectronics.X-CUBE-TOUCHGFX.4.24.1
2024-11-21 13:37:25,314 [WARN] PackLoader:240 - Cannot read IP mode file for wolfSSL.I-CUBE-wolfTPM.3.4.0
2024-11-21 13:37:25,322 [WARN] PackLoader:240 - Cannot read IP mode file for portGmbH.I-Cube-SoM-uGOAL.1.1.0
2024-11-21 13:37:25,346 [WARN] PackLoader:240 - Cannot read IP mode file for STMicroelectronics.X-CUBE-AZRTOS-H7RS.1.0.0
2024-11-21 13:37:25,356 [WARN] PackLoader:240 - Cannot read IP mode file for STMicroelectronics.FP-ATR-ASTRA1.2.0.0
2024-11-21 13:37:25,373 [WARN] PackLoader:240 - Cannot read IP mode file for STMicroelectronics.X-CUBE-TOF1.3.4.2
2024-11-21 13:37:25,408 [WARN] PackLoader:240 - Cannot read IP mode file for Infineon.AIROC-Wi-Fi-Bluetooth-STM32.1.6.1
2024-11-21 13:37:25,420 [WARN] PackLoader:240 - Cannot read IP mode file for wolfSSL.I-CUBE-wolfSSH.1.4.17
2024-11-21 13:37:25,421 [INFO] ThirdParty:978 - Integrity check success = true
2024-11-21 13:37:25,421 [INFO] IntegrityCheckThread:100 - exiting critical section [integrity check]
2024-11-21 13:37:25,421 [INFO] IntegrityCheckThread:103 - End integrity checks thread
2024-11-21 14:17:50,854 [INFO] WebApp:189 - Connection lost
2024-11-21 14:17:51,090 [INFO] WebApp:186 - Connection restablished
2024-11-21 14:17:53,050 [INFO] WebApp:189 - Connection lost
2024-11-21 14:17:53,274 [INFO] WebApp:186 - Connection restablished
